<?xml version="1.0" encoding="UTF-8"?>
<testsuite xmlns:xsi="http://www.w3.org/2001/XMLSchema-instance" xsi:noNamespaceSchemaLocation="https://maven.apache.org/surefire/maven-surefire-plugin/xsd/surefire-test-report.xsd" version="3.0.2" name="com.springai.photogenerator.PhotogeneratorApplicationTests" time="6.063" tests="1" errors="0" skipped="0" failures="0">
  <properties>
[...]
</properties>
  <testcase name="contextLoads" classname="com.springai.photogenerator.PhotogeneratorApplicationTests" time="0.979">
    <system-out><![CDATA[13:16:54.276 [main] INFO org.springframework.test.context.support.AnnotationConfigContextLoaderUtils -- Could not detect default configuration classes for test class [com.springai.photogenerator.PhotogeneratorApplicationTests]: PhotogeneratorApplicationTests does not declare any static, non-private, non-final, nested classes annotated with @Configuration.
13:16:54.469 [main] INFO org.springframework.boot.test.context.SpringBootTestContextBootstrapper -- Found @SpringBootConfiguration com.springai.photogenerator.PhotogeneratorApplication for test class com.springai.photogenerator.PhotogeneratorApplicationTests
13:16:54.796 [main] INFO org.springframework.boot.devtools.restart.RestartApplicationListener -- Restart disabled due to context in which it is running

  .   ____          _            __ _ _
 /\\ / ___'_ __ _ _(_)_ __  __ _ \ \ \ \
( ( )\___ | '_ | '_| | '_ \/ _` | \ \ \ \
 \\/  ___)| |_)| | | | | || (_| |  ) ) ) )
  '  |____| .__|_| |_|_| |_\__, | / / / /
 =========|_|==============|___/=/_/_/_/

 :: Spring Boot ::               (v3.5.11)

2026-03-08T13:16:55.374+05:30  INFO 37640 --- [photogenerator] [           main] c.s.p.PhotogeneratorApplicationTests     : Starting PhotogeneratorApplicationTests using Java 17.0.12 with PID 37640 (started by sharm in C:\Users\sharm\Downloads\photogenerator)
2026-03-08T13:16:55.376+05:30  INFO 37640 --- [photogenerator] [           main] c.s.p.PhotogeneratorApplicationTests     : No active profile set, falling back to 1 default profile: "default"
2026-03-08T13:16:59.060+05:30  INFO 37640 --- [photogenerator] [           main] c.s.p.PhotogeneratorApplicationTests     : Started PhotogeneratorApplicationTests in 4.285 seconds (process running for 5.807)
]]></system-out>
  </testcase>
</testsuite>